This file contains any messages produced by compilers while
running configure, to aid debugging if configure makes a mistake.

It was created by Xfmpc configure 0.1.0, which was
generated by GNU Autoconf 2.63.  Invocation command line was

  $ ./configure 

## --------- ##
## Platform. ##
## --------- ##

hostname = saturn
uname -m = i686
uname -r = 2.6.30-gentoo-r1
uname -s = Linux
uname -v = #1 SMP Wed Jul 1 18:56:08 MSD 2009

/usr/bin/uname -p = AMD Turion(tm) 64 X2 Mobile Technology TL-58
/bin/uname -X     = unknown

/bin/arch              = unknown
/usr/bin/arch -k       = unknown
/usr/convex/getsysinfo = unknown
/usr/bin/hostinfo      = unknown
/bin/machine           = unknown
/usr/bin/oslevel       = unknown
/bin/universe          = unknown

PATH: /usr/local/bin
PATH: /usr/bin
PATH: /bin
PATH: /home/proton/scripts
PATH: /opt/bin
PATH: /usr/i586-pc-linux-gnu/gcc-bin/4.2.3
PATH: /usr/i686-pc-linux-gnu/gcc-bin/4.3.3
PATH: /opt/sun-jdk-1.4.2.19/bin
PATH: /opt/sun-jdk-1.4.2.19/jre/bin
PATH: /opt/sun-jdk-1.4.2.19/jre/javaws
PATH: /usr/games/bin


## ----------- ##
## Core tests. ##
## ----------- ##

configure:2161: checking build system type
configure:2179: result: i686-pc-linux-gnu
configure:2201: checking host system type
configure:2216: result: i686-pc-linux-gnu
configure:2238: checking target system type
configure:2253: result: i686-pc-linux-gnu
configure:2299: checking for a BSD-compatible install
configure:2367: result: /usr/bin/install -c
configure:2378: checking whether build environment is sane
configure:2421: result: yes
configure:2446: checking for a thread-safe mkdir -p
configure:2485: result: /bin/mkdir -p
configure:2498: checking for gawk
configure:2514: found /usr/bin/gawk
configure:2525: result: gawk
configure:2536: checking whether make sets $(MAKE)
configure:2558: result: yes
configure:2737: checking how to create a ustar tar archive
configure:2750: tar --version
tar (GNU tar) 1.22
Copyright (C) 2009 Free Software Foundation, Inc.
License GPLv3+: GNU GPL version 3 or later <http://gnu.org/licenses/gpl.html>.
This is free software: you are free to change and redistribute it.
There is NO WARRANTY, to the extent permitted by law.

Written by John Gilmore and Jay Fenlason.
configure:2753: $? = 0
configure:2793: tardir=conftest.dir && eval tar --format=ustar -chf - "$tardir" >conftest.tar
configure:2796: $? = 0
configure:2800: tar -xf - <conftest.tar
configure:2803: $? = 0
configure:2816: result: gnutar
configure:2825: checking whether to enable maintainer-specific portions of Makefiles
configure:2834: result: no
configure:2860: checking for style of include used by make
configure:2888: result: GNU
configure:2958: checking for gcc
configure:2974: found /usr/bin/gcc
configure:2985: result: gcc
configure:3217: checking for C compiler version
configure:3225: gcc --version >&5
gcc (Gentoo 4.3.3-r2 p1.1, pie-10.1.5) 4.3.3
Copyright (C) 2008 Free Software Foundation, Inc.
This is free software; see the source for copying conditions.  There is NO
warranty; not even for MERCHANTABILITY or FITNESS FOR A PARTICULAR PURPOSE.

configure:3229: $? = 0
configure:3236: gcc -v >&5
Using built-in specs.
Target: i686-pc-linux-gnu
Configured with: /var/tmp/portage/sys-devel/gcc-4.3.3-r2/work/gcc-4.3.3/configure --prefix=/usr --bindir=/usr/i686-pc-linux-gnu/gcc-bin/4.3.3 --includedir=/usr/lib/gcc/i686-pc-linux-gnu/4.3.3/include --datadir=/usr/share/gcc-data/i686-pc-linux-gnu/4.3.3 --mandir=/usr/share/gcc-data/i686-pc-linux-gnu/4.3.3/man --infodir=/usr/share/gcc-data/i686-pc-linux-gnu/4.3.3/info --with-gxx-include-dir=/usr/lib/gcc/i686-pc-linux-gnu/4.3.3/include/g++-v4 --host=i686-pc-linux-gnu --build=i686-pc-linux-gnu --disable-altivec --disable-fixed-point --enable-nls --without-included-gettext --with-system-zlib --disable-checking --disable-werror --enable-secureplt --disable-multilib --enable-libmudflap --disable-libssp --enable-libgomp --enable-cld --enable-java-awt=gtk --with-arch=i686 --enable-languages=c,c++,java,treelang,fortran --enable-shared --enable-threads=posix --enable-__cxa_atexit --enable-clocale=gnu --with-bugurl=http://bugs.gentoo.org/ --with-pkgversion='Gentoo 4.3.3-r2 p1.1, pie-10.1.5'
Thread model: posix
gcc version 4.3.3 (Gentoo 4.3.3-r2 p1.1, pie-10.1.5) 
configure:3240: $? = 0
configure:3247: gcc -V >&5
gcc: '-V' option must have argument
configure:3251: $? = 1
configure:3274: checking for C compiler default output file name
configure:3296: gcc    conftest.c  >&5
configure:3300: $? = 0
configure:3338: result: a.out
configure:3357: checking whether the C compiler works
configure:3367: ./a.out
configure:3371: $? = 0
configure:3390: result: yes
configure:3397: checking whether we are cross compiling
configure:3399: result: no
configure:3402: checking for suffix of executables
configure:3409: gcc -o conftest    conftest.c  >&5
configure:3413: $? = 0
configure:3439: result: 
configure:3445: checking for suffix of object files
configure:3471: gcc -c   conftest.c >&5
configure:3475: $? = 0
configure:3500: result: o
configure:3504: checking whether we are using the GNU C compiler
configure:3533: gcc -c   conftest.c >&5
configure:3540: $? = 0
configure:3557: result: yes
configure:3566: checking whether gcc accepts -g
configure:3596: gcc -c -g  conftest.c >&5
configure:3603: $? = 0
configure:3704: result: yes
configure:3721: checking for gcc option to accept ISO C89
configure:3795: gcc  -c -g -O2  conftest.c >&5
configure:3802: $? = 0
configure:3825: result: none needed
configure:3845: checking dependency style of gcc
configure:3936: result: gcc3
configure:3952: checking whether gcc and cc understand -c and -o together
configure:3987: gcc -c conftest.c -o conftest2.o >&5
configure:3991: $? = 0
configure:3997: gcc -c conftest.c -o conftest2.o >&5
configure:4001: $? = 0
configure:4012: cc -c conftest.c >&5
configure:4016: $? = 0
configure:4024: cc -c conftest.c -o conftest2.o >&5
configure:4028: $? = 0
configure:4034: cc -c conftest.c -o conftest2.o >&5
configure:4038: $? = 0
configure:4056: result: yes
configure:4108: checking for a sed that does not truncate output
configure:4174: result: /bin/sed
configure:4192: checking for grep that handles long lines and -e
configure:4252: result: /bin/grep
configure:4257: checking for egrep
configure:4321: result: /bin/grep -E
configure:4326: checking for fgrep
configure:4390: result: /bin/grep -F
configure:4425: checking for ld used by gcc
configure:4492: result: /usr/i686-pc-linux-gnu/bin/ld
configure:4501: checking if the linker (/usr/i686-pc-linux-gnu/bin/ld) is GNU ld
configure:4516: result: yes
configure:4528: checking for BSD- or MS-compatible name lister (nm)
configure:4577: result: /usr/bin/nm -B
configure:4695: checking the name lister (/usr/bin/nm -B) interface
configure:4702: gcc -c -g -O2  conftest.c >&5
configure:4705: /usr/bin/nm -B "conftest.o"
configure:4708: output
00000000 B some_variable
configure:4715: result: BSD nm
configure:4718: checking whether ln -s works
configure:4722: result: yes
configure:4730: checking the maximum length of command line arguments
configure:4850: result: 1572864
configure:4867: checking whether the shell understands some XSI constructs
configure:4877: result: yes
configure:4881: checking whether the shell understands "+="
configure:4887: result: yes
configure:4922: checking for /usr/i686-pc-linux-gnu/bin/ld option to reload object files
configure:4929: result: -r
configure:4998: checking for objdump
configure:5014: found /usr/bin/objdump
configure:5025: result: objdump
configure:5057: checking how to recognize dependent libraries
configure:5253: result: pass_all
configure:5313: checking for ar
configure:5329: found /usr/bin/ar
configure:5340: result: ar
configure:5418: checking for strip
configure:5434: found /usr/bin/strip
configure:5445: result: strip
configure:5517: checking for ranlib
configure:5533: found /usr/bin/ranlib
configure:5544: result: ranlib
configure:5634: checking command to parse /usr/bin/nm -B output from gcc object
configure:5752: gcc -c -g -O2  conftest.c >&5
configure:5755: $? = 0
configure:5759: /usr/bin/nm -B conftest.o \| sed -n -e 's/^.*[	 ]\([ABCDGIRSTW][ABCDGIRSTW]*\)[	 ][	 ]*\([_A-Za-z][_A-Za-z0-9]*\)$/\1 \2 \2/p' \> conftest.nm
configure:5762: $? = 0
configure:5816: gcc -o conftest -g -O2   conftest.c conftstm.o >&5
configure:5819: $? = 0
configure:5857: result: ok
configure:6724: checking how to run the C preprocessor
configure:6764: gcc -E  conftest.c
configure:6771: $? = 0
configure:6802: gcc -E  conftest.c
conftest.c:10:28: error: ac_nonexistent.h: No such file or directory
configure:6809: $? = 1
configure: failed program was:
| /* confdefs.h.  */
| #define PACKAGE_NAME "Xfmpc"
| #define PACKAGE_TARNAME "xfmpc"
| #define PACKAGE_VERSION "0.1.0"
| #define PACKAGE_STRING "Xfmpc 0.1.0"
| #define PACKAGE_BUGREPORT "http://bugzilla.xfce.org/"
| #define PACKAGE "xfmpc"
| #define VERSION "0.1.0"
| /* end confdefs.h.  */
| #include <ac_nonexistent.h>
configure:6842: result: gcc -E
configure:6871: gcc -E  conftest.c
configure:6878: $? = 0
configure:6909: gcc -E  conftest.c
conftest.c:10:28: error: ac_nonexistent.h: No such file or directory
configure:6916: $? = 1
configure: failed program was:
| /* confdefs.h.  */
| #define PACKAGE_NAME "Xfmpc"
| #define PACKAGE_TARNAME "xfmpc"
| #define PACKAGE_VERSION "0.1.0"
| #define PACKAGE_STRING "Xfmpc 0.1.0"
| #define PACKAGE_BUGREPORT "http://bugzilla.xfce.org/"
| #define PACKAGE "xfmpc"
| #define VERSION "0.1.0"
| /* end confdefs.h.  */
| #include <ac_nonexistent.h>
configure:6956: checking for ANSI C header files
configure:6986: gcc -c -g -O2  conftest.c >&5
configure:6993: $? = 0
configure:7092: gcc -o conftest -g -O2   conftest.c  >&5
configure:7096: $? = 0
configure:7102: ./conftest
configure:7106: $? = 0
configure:7124: result: yes
configure:7148: checking for sys/types.h
configure:7169: gcc -c -g -O2  conftest.c >&5
configure:7176: $? = 0
configure:7193: result: yes
configure:7148: checking for sys/stat.h
configure:7169: gcc -c -g -O2  conftest.c >&5
configure:7176: $? = 0
configure:7193: result: yes
configure:7148: checking for stdlib.h
configure:7169: gcc -c -g -O2  conftest.c >&5
configure:7176: $? = 0
configure:7193: result: yes
configure:7148: checking for string.h
configure:7169: gcc -c -g -O2  conftest.c >&5
configure:7176: $? = 0
configure:7193: result: yes
configure:7148: checking for memory.h
configure:7169: gcc -c -g -O2  conftest.c >&5
configure:7176: $? = 0
configure:7193: result: yes
configure:7148: checking for strings.h
configure:7169: gcc -c -g -O2  conftest.c >&5
configure:7176: $? = 0
configure:7193: result: yes
configure:7148: checking for inttypes.h
configure:7169: gcc -c -g -O2  conftest.c >&5
configure:7176: $? = 0
configure:7193: result: yes
configure:7148: checking for stdint.h
configure:7169: gcc -c -g -O2  conftest.c >&5
configure:7176: $? = 0
configure:7193: result: yes
configure:7148: checking for unistd.h
configure:7169: gcc -c -g -O2  conftest.c >&5
configure:7176: $? = 0
configure:7193: result: yes
configure:7211: checking for dlfcn.h
configure:7232: gcc -c -g -O2  conftest.c >&5
configure:7239: $? = 0
configure:7256: result: yes
configure:7442: checking for objdir
configure:7457: result: .libs
configure:7749: checking if gcc supports -fno-rtti -fno-exceptions
configure:7767: gcc -c -g -O2  -fno-rtti -fno-exceptions conftest.c >&5
cc1: warning: command line option "-fno-rtti" is valid for C++/ObjC++ but not for C
configure:7771: $? = 0
configure:7784: result: no
configure:7804: checking for gcc option to produce PIC
configure:8076: result: -fPIC -DPIC
configure:8088: checking if gcc PIC flag -fPIC -DPIC works
configure:8106: gcc -c -g -O2  -fPIC -DPIC -DPIC conftest.c >&5
configure:8110: $? = 0
configure:8123: result: yes
configure:8147: checking if gcc static flag -static works
configure:8175: result: yes
configure:8190: checking if gcc supports -c -o file.o
configure:8211: gcc -c -g -O2  -o out/conftest2.o conftest.c >&5
configure:8215: $? = 0
configure:8237: result: yes
configure:8245: checking if gcc supports -c -o file.o
configure:8292: result: yes
configure:8325: checking whether the gcc linker (/usr/i686-pc-linux-gnu/bin/ld) supports shared libraries
configure:9399: result: yes
configure:9436: checking whether -lc should be explicitly linked in
configure:9441: gcc -c -g -O2  conftest.c >&5
configure:9444: $? = 0
configure:9459: gcc -shared conftest.o  -v -Wl,-soname -Wl,conftest -o conftest 2\>\&1 \| /bin/grep  -lc  \>/dev/null 2\>\&1
configure:9462: $? = 0
configure:9474: result: no
configure:9638: checking dynamic linker characteristics
configure:10081: gcc -o conftest -g -O2   -Wl,-rpath -Wl,/foo conftest.c  >&5
configure:10088: $? = 0
configure:10321: result: GNU/Linux ld.so
configure:10423: checking how to hardcode library paths into programs
configure:10448: result: immediate
configure:11281: checking whether stripping libraries is possible
configure:11286: result: yes
configure:11321: checking if libtool supports shared libraries
configure:11323: result: yes
configure:11326: checking whether to build shared libraries
configure:11347: result: yes
configure:11350: checking whether to build static libraries
configure:11354: result: yes
configure:11401: checking for ld used by gcc
configure:11468: result: /usr/i686-pc-linux-gnu/bin/ld
configure:11477: checking if the linker (/usr/i686-pc-linux-gnu/bin/ld) is GNU ld
configure:11492: result: yes
configure:11515: checking for a BSD-compatible install
configure:11583: result: /usr/bin/install -c
configure:11595: checking whether NLS is requested
configure:11604: result: yes
configure:11638: checking for intltool-update
configure:11656: found /usr/bin/intltool-update
configure:11668: result: /usr/bin/intltool-update
configure:11678: checking for intltool-merge
configure:11696: found /usr/bin/intltool-merge
configure:11708: result: /usr/bin/intltool-merge
configure:11718: checking for intltool-extract
configure:11736: found /usr/bin/intltool-extract
configure:11748: result: /usr/bin/intltool-extract
configure:11805: checking for xgettext
configure:11823: found /usr/bin/xgettext
configure:11835: result: /usr/bin/xgettext
configure:11845: checking for msgmerge
configure:11863: found /usr/bin/msgmerge
configure:11875: result: /usr/bin/msgmerge
configure:11885: checking for msgfmt
configure:11903: found /usr/bin/msgfmt
configure:11915: result: /usr/bin/msgfmt
configure:11925: checking for gmsgfmt
configure:11943: found /usr/bin/gmsgfmt
configure:11956: result: /usr/bin/gmsgfmt
configure:11980: checking for perl
configure:11998: found /usr/bin/perl
configure:12010: result: /usr/bin/perl
configure:12029: checking for XML::Parser
configure:12032: result: ok
configure:12069: gcc -o conftest -g -O2   conftest.c  >&5
configure:12076: $? = 0
configure:12199: checking for ANSI C header files
configure:12367: result: yes
configure:12378: checking for X
configure:12549: gcc -o conftest -g -O2   conftest.c -lX11  >&5
configure:12556: $? = 0
configure:12618: result: libraries , headers 
configure:12787: gcc -o conftest -g -O2   conftest.c   -lX11 >&5
configure:12794: $? = 0
configure:12962: checking for gethostbyname
configure:13018: gcc -o conftest -g -O2   conftest.c  >&5
configure:13025: $? = 0
configure:13045: result: yes
configure:13198: checking for connect
configure:13254: gcc -o conftest -g -O2   conftest.c  >&5
configure:13261: $? = 0
configure:13281: result: yes
configure:13357: checking for remove
configure:13413: gcc -o conftest -g -O2   conftest.c  >&5
configure:13420: $? = 0
configure:13440: result: yes
configure:13516: checking for shmat
configure:13572: gcc -o conftest -g -O2   conftest.c  >&5
configure:13579: $? = 0
configure:13599: result: yes
configure:13684: checking for IceConnectionNumber in -lICE
configure:13719: gcc -o conftest -g -O2   conftest.c -lICE   >&5
configure:13726: $? = 0
configure:13747: result: yes
configure:13762: checking for main in -lX11
configure:13791: gcc -o conftest -g -O2   conftest.c -lX11   -lSM -lICE    >&5
configure:13798: $? = 0
configure:13819: result: yes
configure:13890: checking locale.h usability
configure:13907: gcc -c -g -O2  conftest.c >&5
configure:13914: $? = 0
configure:13928: result: yes
configure:13932: checking locale.h presence
configure:13947: gcc -E  conftest.c
configure:13954: $? = 0
configure:13968: result: yes
configure:14001: checking for locale.h
configure:14010: result: yes
configure:14026: checking for LC_MESSAGES
configure:14052: gcc -o conftest -g -O2   conftest.c  >&5
configure:14059: $? = 0
configure:14079: result: yes
configure:14108: checking libintl.h usability
configure:14125: gcc -c -g -O2  conftest.c >&5
configure:14132: $? = 0
configure:14146: result: yes
configure:14150: checking libintl.h presence
configure:14165: gcc -E  conftest.c
configure:14172: $? = 0
configure:14186: result: yes
configure:14219: checking for libintl.h
configure:14226: result: yes
configure:14237: checking for ngettext in libc
configure:14265: gcc -o conftest -g -O2   conftest.c  >&5
configure:14272: $? = 0
configure:14293: result: yes
configure:14297: checking for dgettext in libc
configure:14325: gcc -o conftest -g -O2   conftest.c  >&5
configure:14332: $? = 0
configure:14353: result: yes
configure:14362: checking for bind_textdomain_codeset
configure:14418: gcc -o conftest -g -O2   conftest.c  >&5
configure:14425: $? = 0
configure:14447: result: yes
configure:14963: checking for msgfmt
configure:14990: result: /usr/bin/msgfmt
configure:15003: checking for dcgettext
configure:15059: gcc -o conftest -g -O2   conftest.c   >&5
conftest.c:52: warning: conflicting types for built-in function 'dcgettext'
configure:15066: $? = 0
configure:15088: result: yes
configure:15101: checking if msgfmt accepts -c
configure:15116: $MSGFMT -c -o /dev/null conftest.foo
configure:15119: $? = 0
configure:15121: result: yes
configure:15131: checking for gmsgfmt
configure:15162: result: /usr/bin/gmsgfmt
configure:15172: checking for xgettext
configure:15199: result: /usr/bin/xgettext
configure:15228: gcc -o conftest -g -O2   conftest.c   >&5
configure:15235: $? = 0
configure:15411: checking for catalogs to be installed
configure:15436: result:  ar ca cs da de en_GB es eu fi fr gl id it ja nl pt_BR pt sv tr uk
configure:15469: checking for bind_textdomain_codeset
configure:15552: result: yes
configure:15556: checking for locales directory
configure:15572: result: ${datarootdir}/locale
configure:15576: checking for additional xgettext flags
configure:15584: result: --keyword=Q_ --from-code=UTF-8
configure:15597: checking for pkg-config
configure:15615: found /usr/bin/pkg-config
configure:15628: result: /usr/bin/pkg-config
configure:15650: checking for pkg-config >= 0.9.0
configure:15654: result: 0.23
configure:15671: checking for gtk+-2.0 >= 2.12.0
configure:15675: result: 2.16.1
configure:15678: checking GTK_CFLAGS
configure:15681: result: -I/usr/include/gtk-2.0 -I/usr/lib/gtk-2.0/include -I/usr/include/atk-1.0 -I/usr/include/cairo -I/usr/include/pango-1.0 -I/usr/include/glib-2.0 -I/usr/lib/glib-2.0/include -I/usr/include/pixman-1 -I/usr/include/freetype2 -I/usr/include/libpng12  
configure:15684: checking GTK_LIBS
configure:15687: result: -lgtk-x11-2.0 -lgdk-x11-2.0 -latk-1.0 -lgio-2.0 -lpangoft2-1.0 -lgdk_pixbuf-2.0 -lpangocairo-1.0 -lcairo -lpango-1.0 -lfreetype -lfontconfig -lgobject-2.0 -lgmodule-2.0 -lglib-2.0  
configure:15809: checking for libxfcegui4-1.0 >= 4.4.0
configure:15813: result: 4.6.1
configure:15816: checking LIBXFCEGUI4_CFLAGS
configure:15819: result: -I/usr/include/xfce4 -I/usr/include/gtk-2.0 -I/usr/lib/gtk-2.0/include -I/usr/include/pango-1.0 -I/usr/include/glib-2.0 -I/usr/lib/glib-2.0/include -I/usr/include/cairo -I/usr/include/pixman-1 -I/usr/include/freetype2 -I/usr/include/libpng12 -I/usr/include/atk-1.0  
configure:15822: checking LIBXFCEGUI4_LIBS
configure:15825: result: -lxfcegui4 -lgtk-x11-2.0 -lxfce4util -lgdk-x11-2.0 -latk-1.0 -lgio-2.0 -lpangoft2-1.0 -lgdk_pixbuf-2.0 -lpangocairo-1.0 -lcairo -lpango-1.0 -lfreetype -lfontconfig -lgobject-2.0 -lgmodule-2.0 -lglib-2.0  
configure:15947: checking for libxfce4util-1.0 >= 4.4.0
configure:15951: result: 4.6.1
configure:15954: checking LIBXFCE4UTIL_CFLAGS
configure:15957: result: -I/usr/include/xfce4 -I/usr/include/glib-2.0 -I/usr/lib/glib-2.0/include  
configure:15960: checking LIBXFCE4UTIL_LIBS
configure:15963: result: -lxfce4util -lglib-2.0  
configure:16085: checking for libmpd >= 0.15.0
configure:16089: result: 0.18.0
configure:16092: checking LIBMPD_CFLAGS
configure:16095: result: -I/usr/include/libmpd-1.0/ -I/usr/include/glib-2.0 -I/usr/lib/glib-2.0/include  
configure:16098: checking LIBMPD_LIBS
configure:16101: result: -lmpd -lglib-2.0  
configure:16150: checking whether to build with debugging support
configure:16186: result: no
configure:16335: creating ./config.status

## ---------------------- ##
## Running config.status. ##
## ---------------------- ##

This file was extended by Xfmpc config.status 0.1.0, which was
generated by GNU Autoconf 2.63.  Invocation command line was

  CONFIG_FILES    = 
  CONFIG_HEADERS  = 
  CONFIG_LINKS    = 
  CONFIG_COMMANDS = 
  $ ./config.status 

on saturn

config.status:1091: creating Makefile
config.status:1091: creating src/Makefile
config.status:1091: creating po/Makefile.in
config.status:1091: creating config.h
config.status:1313: config.h is unchanged
config.status:1365: executing depfiles commands
config.status:1365: executing libtool commands
config.status:1365: executing default-1 commands
config.status:1365: executing po/stamp-it commands

## ---------------- ##
## Cache variables. ##
## ---------------- ##

ac_cv_build=i686-pc-linux-gnu
ac_cv_c_compiler_gnu=yes
ac_cv_env_CC_set=
ac_cv_env_CC_value=
ac_cv_env_CFLAGS_set=
ac_cv_env_CFLAGS_value=
ac_cv_env_CPPFLAGS_set=
ac_cv_env_CPPFLAGS_value=
ac_cv_env_CPP_set=
ac_cv_env_CPP_value=
ac_cv_env_LDFLAGS_set=
ac_cv_env_LDFLAGS_value=
ac_cv_env_LIBS_set=
ac_cv_env_LIBS_value=
ac_cv_env_XMKMF_set=
ac_cv_env_XMKMF_value=
ac_cv_env_build_alias_set=
ac_cv_env_build_alias_value=
ac_cv_env_host_alias_set=
ac_cv_env_host_alias_value=
ac_cv_env_target_alias_set=
ac_cv_env_target_alias_value=
ac_cv_func_bind_textdomain_codeset=yes
ac_cv_func_connect=yes
ac_cv_func_dcgettext=yes
ac_cv_func_gethostbyname=yes
ac_cv_func_remove=yes
ac_cv_func_shmat=yes
ac_cv_have_x='have_x=yes	ac_x_includes='\'''\''	ac_x_libraries='\'''\'''
ac_cv_header_dlfcn_h=yes
ac_cv_header_inttypes_h=yes
ac_cv_header_libintl_h=yes
ac_cv_header_locale_h=yes
ac_cv_header_memory_h=yes
ac_cv_header_stdc=yes
ac_cv_header_stdint_h=yes
ac_cv_header_stdlib_h=yes
ac_cv_header_string_h=yes
ac_cv_header_strings_h=yes
ac_cv_header_sys_stat_h=yes
ac_cv_header_sys_types_h=yes
ac_cv_header_unistd_h=yes
ac_cv_host=i686-pc-linux-gnu
ac_cv_lib_ICE_IceConnectionNumber=yes
ac_cv_lib_X11_main=yes
ac_cv_objext=o
ac_cv_path_EGREP='/bin/grep -E'
ac_cv_path_FGREP='/bin/grep -F'
ac_cv_path_GMSGFMT=/usr/bin/gmsgfmt
ac_cv_path_GREP=/bin/grep
ac_cv_path_INTLTOOL_EXTRACT=/usr/bin/intltool-extract
ac_cv_path_INTLTOOL_MERGE=/usr/bin/intltool-merge
ac_cv_path_INTLTOOL_PERL=/usr/bin/perl
ac_cv_path_INTLTOOL_UPDATE=/usr/bin/intltool-update
ac_cv_path_MSGFMT=/usr/bin/msgfmt
ac_cv_path_MSGMERGE=/usr/bin/msgmerge
ac_cv_path_PKG_CONFIG=/usr/bin/pkg-config
ac_cv_path_SED=/bin/sed
ac_cv_path_XGETTEXT=/usr/bin/xgettext
ac_cv_path_install='/usr/bin/install -c'
ac_cv_path_mkdir=/bin/mkdir
ac_cv_prog_AWK=gawk
ac_cv_prog_CPP='gcc -E'
ac_cv_prog_ac_ct_AR=ar
ac_cv_prog_ac_ct_CC=gcc
ac_cv_prog_ac_ct_OBJDUMP=objdump
ac_cv_prog_ac_ct_RANLIB=ranlib
ac_cv_prog_ac_ct_STRIP=strip
ac_cv_prog_cc_c89=
ac_cv_prog_cc_g=yes
ac_cv_prog_cc_gcc_c_o=yes
ac_cv_prog_make_make_set=yes
ac_cv_target=i686-pc-linux-gnu
am_cv_CC_dependencies_compiler_type=gcc3
am_cv_prog_tar_ustar=gnutar
am_cv_val_LC_MESSAGES=yes
gt_cv_func_dgettext_libc=yes
gt_cv_func_dgettext_libintl=no
gt_cv_func_ngettext_libc=yes
gt_cv_have_gettext=yes
lt_cv_deplibs_check_method=pass_all
lt_cv_file_magic_cmd='$MAGIC_CMD'
lt_cv_file_magic_test_file=
lt_cv_ld_reload_flag=-r
lt_cv_nm_interface='BSD nm'
lt_cv_objdir=.libs
lt_cv_path_LD=/usr/i686-pc-linux-gnu/bin/ld
lt_cv_path_NM='/usr/bin/nm -B'
lt_cv_prog_compiler_c_o=yes
lt_cv_prog_compiler_pic_works=yes
lt_cv_prog_compiler_rtti_exceptions=no
lt_cv_prog_compiler_static_works=yes
lt_cv_prog_gnu_ld=yes
lt_cv_sys_global_symbol_pipe='sed -n -e '\''s/^.*[	 ]\([ABCDGIRSTW][ABCDGIRSTW]*\)[	 ][	 ]*\([_A-Za-z][_A-Za-z0-9]*\)$/\1 \2 \2/p'\'''
lt_cv_sys_global_symbol_to_c_name_address='sed -n -e '\''s/^: \([^ ]*\) $/  {\"\1\", (void *) 0},/p'\'' -e '\''s/^[ABCDGIRSTW]* \([^ ]*\) \([^ ]*\)$/  {"\2", (void *) \&\2},/p'\'''
lt_cv_sys_global_symbol_to_c_name_address_lib_prefix='sed -n -e '\''s/^: \([^ ]*\) $/  {\"\1\", (void *) 0},/p'\'' -e '\''s/^[ABCDGIRSTW]* \([^ ]*\) \(lib[^ ]*\)$/  {"\2", (void *) \&\2},/p'\'' -e '\''s/^[ABCDGIRSTW]* \([^ ]*\) \([^ ]*\)$/  {"lib\2", (void *) \&\2},/p'\'''
lt_cv_sys_global_symbol_to_cdecl='sed -n -e '\''s/^T .* \(.*\)$/extern int \1();/p'\'' -e '\''s/^[ABCDGIRSTW]* .* \(.*\)$/extern char \1;/p'\'''
lt_cv_sys_max_cmd_len=1572864
xdt_cv_PKG_CONFIG_MIN_VERSION=0.9.0
xdt_cv_PKG_CONFIG_VERSION=0.23

## ----------------- ##
## Output variables. ##
## ----------------- ##

ACLOCAL='${SHELL} /home/proton/projects/xfmpc-ng/missing --run aclocal-1.10'
ALL_LINGUAS='ar ca cs da de en_GB es eu fi fr gl id it ja nl pt_BR pt sv tr uk '
AMDEPBACKSLASH='\'
AMDEP_FALSE='#'
AMDEP_TRUE=''
AMTAR='${SHELL} /home/proton/projects/xfmpc-ng/missing --run tar'
AR='ar'
AUTOCONF='${SHELL} /home/proton/projects/xfmpc-ng/missing --run autoconf'
AUTOHEADER='${SHELL} /home/proton/projects/xfmpc-ng/missing --run autoheader'
AUTOMAKE='${SHELL} /home/proton/projects/xfmpc-ng/missing --run automake-1.10'
AWK='gawk'
CATALOGS=' ar.gmo ca.gmo cs.gmo da.gmo de.gmo en_GB.gmo es.gmo eu.gmo fi.gmo fr.gmo gl.gmo id.gmo it.gmo ja.gmo nl.gmo pt_BR.gmo pt.gmo sv.gmo tr.gmo uk.gmo'
CATOBJEXT='.gmo'
CC='gcc'
CCDEPMODE='depmode=gcc3'
CFLAGS='-g -O2'
CPP='gcc -E'
CPPFLAGS=''
CYGPATH_W='echo'
DATADIRNAME='share'
DEFS='-DHAVE_CONFIG_H'
DEPDIR='.deps'
DSYMUTIL=''
DUMPBIN=''
ECHO_C=''
ECHO_N='-n'
ECHO_T=''
EGREP='/bin/grep -E'
EXEEXT=''
FGREP='/bin/grep -F'
GETTEXT_PACKAGE='xfmpc'
GMOFILES=' ar.gmo ca.gmo cs.gmo da.gmo de.gmo en_GB.gmo es.gmo eu.gmo fi.gmo fr.gmo gl.gmo id.gmo it.gmo ja.gmo nl.gmo pt_BR.gmo pt.gmo sv.gmo tr.gmo uk.gmo'
GMSGFMT='/usr/bin/gmsgfmt'
GREP='/bin/grep'
GTK_CFLAGS='-I/usr/include/gtk-2.0 -I/usr/lib/gtk-2.0/include -I/usr/include/atk-1.0 -I/usr/include/cairo -I/usr/include/pango-1.0 -I/usr/include/glib-2.0 -I/usr/lib/glib-2.0/include -I/usr/include/pixman-1 -I/usr/include/freetype2 -I/usr/include/libpng12  '
GTK_LIBS='-lgtk-x11-2.0 -lgdk-x11-2.0 -latk-1.0 -lgio-2.0 -lpangoft2-1.0 -lgdk_pixbuf-2.0 -lpangocairo-1.0 -lcairo -lpango-1.0 -lfreetype -lfontconfig -lgobject-2.0 -lgmodule-2.0 -lglib-2.0  '
GTK_REQUIRED_VERSION='2.12.0'
GTK_VERSION='2.16.1'
INSTALL_DATA='${INSTALL} -m 644'
INSTALL_PROGRAM='${INSTALL}'
INSTALL_SCRIPT='${INSTALL}'
INSTALL_STRIP_PROGRAM='$(install_sh) -c -s'
INSTOBJEXT='.mo'
INTLLIBS=''
INTLTOOL_CAVES_RULE='%.caves:     %.caves.in     $(INTLTOOL_MERGE) $(wildcard $(top_srcdir)/po/*.po) ; LC_ALL=C $(INTLTOOL_MERGE) -d -u -c $(top_builddir)/po/.intltool-merge-cache $(top_srcdir)/po $< $@'
INTLTOOL_DESKTOP_RULE='%.desktop:   %.desktop.in   $(INTLTOOL_MERGE) $(wildcard $(top_srcdir)/po/*.po) ; LC_ALL=C $(INTLTOOL_MERGE) -d -u -c $(top_builddir)/po/.intltool-merge-cache $(top_srcdir)/po $< $@'
INTLTOOL_DIRECTORY_RULE='%.directory: %.directory.in $(INTLTOOL_MERGE) $(wildcard $(top_srcdir)/po/*.po) ; LC_ALL=C $(INTLTOOL_MERGE) -d -u -c $(top_builddir)/po/.intltool-merge-cache $(top_srcdir)/po $< $@'
INTLTOOL_EXTRACT='/usr/bin/intltool-extract'
INTLTOOL_KBD_RULE='%.kbd:       %.kbd.in       $(INTLTOOL_MERGE) $(wildcard $(top_srcdir)/po/*.po) ; LC_ALL=C $(INTLTOOL_MERGE) -x -u -m -c $(top_builddir)/po/.intltool-merge-cache $(top_srcdir)/po $< $@'
INTLTOOL_KEYS_RULE='%.keys:      %.keys.in      $(INTLTOOL_MERGE) $(wildcard $(top_srcdir)/po/*.po) ; LC_ALL=C $(INTLTOOL_MERGE) -k -u -c $(top_builddir)/po/.intltool-merge-cache $(top_srcdir)/po $< $@'
INTLTOOL_MERGE='/usr/bin/intltool-merge'
INTLTOOL_OAF_RULE='%.oaf:       %.oaf.in       $(INTLTOOL_MERGE) $(wildcard $(top_srcdir)/po/*.po) ; LC_ALL=C $(INTLTOOL_MERGE) -o -p $(top_srcdir)/po $< $@'
INTLTOOL_PERL='/usr/bin/perl'
INTLTOOL_POLICY_RULE='%.policy:    %.policy.in    $(INTLTOOL_MERGE) $(wildcard $(top_srcdir)/po/*.po) ; LC_ALL=C $(INTLTOOL_MERGE) -x -u -c $(top_builddir)/po/.intltool-merge-cache $(top_srcdir)/po $< $@'
INTLTOOL_PONG_RULE='%.pong:      %.pong.in      $(INTLTOOL_MERGE) $(wildcard $(top_srcdir)/po/*.po) ; LC_ALL=C $(INTLTOOL_MERGE) -x -u -c $(top_builddir)/po/.intltool-merge-cache $(top_srcdir)/po $< $@'
INTLTOOL_PROP_RULE='%.prop:      %.prop.in      $(INTLTOOL_MERGE) $(wildcard $(top_srcdir)/po/*.po) ; LC_ALL=C $(INTLTOOL_MERGE) -d -u -c $(top_builddir)/po/.intltool-merge-cache $(top_srcdir)/po $< $@'
INTLTOOL_SCHEMAS_RULE='%.schemas:   %.schemas.in   $(INTLTOOL_MERGE) $(wildcard $(top_srcdir)/po/*.po) ; LC_ALL=C $(INTLTOOL_MERGE) -s -u -c $(top_builddir)/po/.intltool-merge-cache $(top_srcdir)/po $< $@'
INTLTOOL_SERVER_RULE='%.server:    %.server.in    $(INTLTOOL_MERGE) $(wildcard $(top_srcdir)/po/*.po) ; LC_ALL=C $(INTLTOOL_MERGE) -o -u -c $(top_builddir)/po/.intltool-merge-cache $(top_srcdir)/po $< $@'
INTLTOOL_SERVICE_RULE='%.service: %.service.in   $(INTLTOOL_MERGE) $(wildcard $(top_srcdir)/po/*.po) ; LC_ALL=C $(INTLTOOL_MERGE) -d -u -c $(top_builddir)/po/.intltool-merge-cache $(top_srcdir)/po $< $@'
INTLTOOL_SHEET_RULE='%.sheet:     %.sheet.in     $(INTLTOOL_MERGE) $(wildcard $(top_srcdir)/po/*.po) ; LC_ALL=C $(INTLTOOL_MERGE) -x -u -c $(top_builddir)/po/.intltool-merge-cache $(top_srcdir)/po $< $@'
INTLTOOL_SOUNDLIST_RULE='%.soundlist: %.soundlist.in $(INTLTOOL_MERGE) $(wildcard $(top_srcdir)/po/*.po) ; LC_ALL=C $(INTLTOOL_MERGE) -d -u -c $(top_builddir)/po/.intltool-merge-cache $(top_srcdir)/po $< $@'
INTLTOOL_THEME_RULE='%.theme:     %.theme.in     $(INTLTOOL_MERGE) $(wildcard $(top_srcdir)/po/*.po) ; LC_ALL=C $(INTLTOOL_MERGE) -d -u -c $(top_builddir)/po/.intltool-merge-cache $(top_srcdir)/po $< $@'
INTLTOOL_UI_RULE='%.ui:        %.ui.in        $(INTLTOOL_MERGE) $(wildcard $(top_srcdir)/po/*.po) ; LC_ALL=C $(INTLTOOL_MERGE) -x -u -c $(top_builddir)/po/.intltool-merge-cache $(top_srcdir)/po $< $@'
INTLTOOL_UPDATE='/usr/bin/intltool-update'
INTLTOOL_XAM_RULE='%.xam:       %.xml.in       $(INTLTOOL_MERGE) $(wildcard $(top_srcdir)/po/*.po) ; LC_ALL=C $(INTLTOOL_MERGE) -x -u -c $(top_builddir)/po/.intltool-merge-cache $(top_srcdir)/po $< $@'
INTLTOOL_XML_NOMERGE_RULE='%.xml:       %.xml.in       $(INTLTOOL_MERGE) ; LC_ALL=C $(INTLTOOL_MERGE) -x -u /tmp $< $@'
INTLTOOL_XML_RULE='%.xml:       %.xml.in       $(INTLTOOL_MERGE) $(wildcard $(top_srcdir)/po/*.po) ; LC_ALL=C $(INTLTOOL_MERGE) -x -u -c $(top_builddir)/po/.intltool-merge-cache $(top_srcdir)/po $< $@'
LD='/usr/i686-pc-linux-gnu/bin/ld'
LDFLAGS=''
LIBMPD_CFLAGS='-I/usr/include/libmpd-1.0/ -I/usr/include/glib-2.0 -I/usr/lib/glib-2.0/include  '
LIBMPD_LIBS='-lmpd -lglib-2.0  '
LIBMPD_REQUIRED_VERSION='0.15.0'
LIBMPD_VERSION='0.18.0'
LIBOBJS=''
LIBS=''
LIBTOOL='$(SHELL) $(top_builddir)/libtool'
LIBX11_CFLAGS=''
LIBX11_LDFLAGS=''
LIBX11_LIBS=' -lSM -lICE -lX11'
LIBXFCE4UTIL_CFLAGS='-I/usr/include/xfce4 -I/usr/include/glib-2.0 -I/usr/lib/glib-2.0/include  '
LIBXFCE4UTIL_LIBS='-lxfce4util -lglib-2.0  '
LIBXFCE4UTIL_REQUIRED_VERSION='4.4.0'
LIBXFCE4UTIL_VERSION='4.6.1'
LIBXFCEGUI4_CFLAGS='-I/usr/include/xfce4 -I/usr/include/gtk-2.0 -I/usr/lib/gtk-2.0/include -I/usr/include/pango-1.0 -I/usr/include/glib-2.0 -I/usr/lib/glib-2.0/include -I/usr/include/cairo -I/usr/include/pixman-1 -I/usr/include/freetype2 -I/usr/include/libpng12 -I/usr/include/atk-1.0  '
LIBXFCEGUI4_LIBS='-lxfcegui4 -lgtk-x11-2.0 -lxfce4util -lgdk-x11-2.0 -latk-1.0 -lgio-2.0 -lpangoft2-1.0 -lgdk_pixbuf-2.0 -lpangocairo-1.0 -lcairo -lpango-1.0 -lfreetype -lfontconfig -lgobject-2.0 -lgmodule-2.0 -lglib-2.0  '
LIBXFCEGUI4_REQUIRED_VERSION='4.4.0'
LIBXFCEGUI4_VERSION='4.6.1'
LIPO=''
LN_S='ln -s'
LTLIBOBJS=''
MAINT='#'
MAINTAINER_MODE_FALSE=''
MAINTAINER_MODE_TRUE='#'
MAKEINFO='${SHELL} /home/proton/projects/xfmpc-ng/missing --run makeinfo'
MKDIR_P='/bin/mkdir -p'
MKINSTALLDIRS='./mkinstalldirs'
MSGFMT='/usr/bin/msgfmt'
MSGFMT_OPTS='-c'
MSGMERGE='/usr/bin/msgmerge'
NM='/usr/bin/nm -B'
NMEDIT=''
OBJDUMP='objdump'
OBJEXT='o'
OTOOL64=''
OTOOL=''
PACKAGE='xfmpc'
PACKAGE_BUGREPORT='http://bugzilla.xfce.org/'
PACKAGE_NAME='Xfmpc'
PACKAGE_STRING='Xfmpc 0.1.0'
PACKAGE_TARNAME='xfmpc'
PACKAGE_VERSION='0.1.0'
PATH_SEPARATOR=':'
PKG_CONFIG='/usr/bin/pkg-config'
POFILES=' ar.po ca.po cs.po da.po de.po en_GB.po es.po eu.po fi.po fr.po gl.po id.po it.po ja.po nl.po pt_BR.po pt.po sv.po tr.po uk.po'
POSUB='po'
PO_IN_DATADIR_FALSE=''
PO_IN_DATADIR_TRUE=''
RANLIB='ranlib'
SED='/bin/sed'
SET_MAKE=''
SHELL='/bin/sh'
STRIP='strip'
USE_NLS='yes'
VERSION='0.1.0'
XGETTEXT='/usr/bin/xgettext'
XGETTEXT_ARGS='--keyword=Q_ --from-code=UTF-8'
XMKMF=''
X_CFLAGS=''
X_EXTRA_LIBS=''
X_LIBS=''
X_PRE_LIBS=' -lSM -lICE'
ac_ct_CC='gcc'
ac_ct_DUMPBIN=''
am__fastdepCC_FALSE='#'
am__fastdepCC_TRUE=''
am__include='include'
am__isrc=''
am__leading_dot='.'
am__quote=''
am__tar='tar --format=ustar -chf - "$$tardir"'
am__untar='tar -xf -'
bindir='${exec_prefix}/bin'
build='i686-pc-linux-gnu'
build_alias=''
build_cpu='i686'
build_os='linux-gnu'
build_vendor='pc'
datadir='${datarootdir}'
datarootdir='${prefix}/share'
docdir='${datarootdir}/doc/${PACKAGE_TARNAME}'
dvidir='${docdir}'
exec_prefix='${prefix}'
host='i686-pc-linux-gnu'
host_alias=''
host_cpu='i686'
host_os='linux-gnu'
host_vendor='pc'
htmldir='${docdir}'
includedir='${prefix}/include'
infodir='${datarootdir}/info'
install_sh='$(SHELL) /home/proton/projects/xfmpc-ng/install-sh'
libdir='${exec_prefix}/lib'
libexecdir='${exec_prefix}/libexec'
localedir='${datarootdir}/locale'
localstatedir='${prefix}/var'
lt_ECHO='echo'
mandir='${datarootdir}/man'
mkdir_p='/bin/mkdir -p'
oldincludedir='/usr/include'
pdfdir='${docdir}'
prefix='/usr/local'
program_transform_name='s,x,x,'
psdir='${docdir}'
sbindir='${exec_prefix}/sbin'
sharedstatedir='${prefix}/com'
sysconfdir='${prefix}/etc'
target='i686-pc-linux-gnu'
target_alias=''
target_cpu='i686'
target_os='linux-gnu'
target_vendor='pc'

## ----------- ##
## confdefs.h. ##
## ----------- ##

#define PACKAGE_NAME "Xfmpc"
#define PACKAGE_TARNAME "xfmpc"
#define PACKAGE_VERSION "0.1.0"
#define PACKAGE_STRING "Xfmpc 0.1.0"
#define PACKAGE_BUGREPORT "http://bugzilla.xfce.org/"
#define PACKAGE "xfmpc"
#define VERSION "0.1.0"
#define STDC_HEADERS 1
#define HAVE_SYS_TYPES_H 1
#define HAVE_SYS_STAT_H 1
#define HAVE_STDLIB_H 1
#define HAVE_STRING_H 1
#define HAVE_MEMORY_H 1
#define HAVE_STRINGS_H 1
#define HAVE_INTTYPES_H 1
#define HAVE_STDINT_H 1
#define HAVE_UNISTD_H 1
#define HAVE_DLFCN_H 1
#define LT_OBJDIR ".libs/"
#define STDC_HEADERS 1
#define HAVE_LIBX11 1
#define GETTEXT_PACKAGE "xfmpc"
#define HAVE_LOCALE_H 1
#define HAVE_LC_MESSAGES 1
#define HAVE_BIND_TEXTDOMAIN_CODESET 1
#define HAVE_GETTEXT 1
#define HAVE_DCGETTEXT 1
#define ENABLE_NLS 1

configure: exit 0
